[debug] [2025-09-14T16:11:40.693Z] ----------------------------------------------------------------------
[debug] [2025-09-14T16:11:40.695Z] Command:       /usr/local/bin/node /usr/local/bin/firebase deploy
[debug] [2025-09-14T16:11:40.695Z] CLI Version:   14.16.0
[debug] [2025-09-14T16:11:40.695Z] Platform:      darwin
[debug] [2025-09-14T16:11:40.695Z] Node Version:  v22.19.0
[debug] [2025-09-14T16:11:40.695Z] Time:          Sun Sep 14 2025 13:11:40 GMT-0300 (Brasilia Standard Time)
[debug] [2025-09-14T16:11:40.695Z] ----------------------------------------------------------------------
[debug] 
[debug] [2025-09-14T16:11:40.696Z] >>> [apiv2][query] GET https://firebase-public.firebaseio.com/cli.json [none]
[debug] [2025-09-14T16:11:40.832Z] > command requires scopes: ["email","openid","https://www.googleapis.com/auth/cloudplatformprojects.readonly","https://www.googleapis.com/auth/firebase","https://www.googleapis.com/auth/cloud-platform"]
[debug] [2025-09-14T16:11:40.832Z] > authorizing via signed-in user (cabanafranzoi@gmail.com)
[debug] [2025-09-14T16:11:40.832Z] [iam] checking project controle-de-gastos-74daf for permissions ["cloudfunctions.functions.create","cloudfunctions.functions.delete","cloudfunctions.functions.get","cloudfunctions.functions.list","cloudfunctions.functions.update","cloudfunctions.operations.get","firebase.projects.get","firebasehosting.sites.update"]
[debug] [2025-09-14T16:11:40.833Z] Checked if tokens are valid: false, expires at: 1757723939258
[debug] [2025-09-14T16:11:40.833Z] Checked if tokens are valid: false, expires at: 1757723939258
[debug] [2025-09-14T16:11:40.833Z] > refreshing access token with scopes: []
[debug] [2025-09-14T16:11:40.833Z] >>> [apiv2][query] POST https://www.googleapis.com/oauth2/v3/token [none]
[debug] [2025-09-14T16:11:40.833Z] >>> [apiv2][body] POST https://www.googleapis.com/oauth2/v3/token [omitted]
[debug] [2025-09-14T16:11:41.013Z] <<< [apiv2][status] POST https://www.googleapis.com/oauth2/v3/token 200
[debug] [2025-09-14T16:11:41.013Z] <<< [apiv2][body] POST https://www.googleapis.com/oauth2/v3/token [omitted]
[debug] [2025-09-14T16:11:41.024Z] >>> [apiv2][query] POST https://cloudresourcemanager.googleapis.com/v1/projects/controle-de-gastos-74daf:testIamPermissions [none]
[debug] [2025-09-14T16:11:41.024Z] >>> [apiv2][(partial)header] POST https://cloudresourcemanager.googleapis.com/v1/projects/controle-de-gastos-74daf:testIamPermissions x-goog-quota-user=projects/controle-de-gastos-74daf
[debug] [2025-09-14T16:11:41.024Z] >>> [apiv2][body] POST https://cloudresourcemanager.googleapis.com/v1/projects/controle-de-gastos-74daf:testIamPermissions {"permissions":["cloudfunctions.functions.create","cloudfunctions.functions.delete","cloudfunctions.functions.get","cloudfunctions.functions.list","cloudfunctions.functions.update","cloudfunctions.operations.get","firebase.projects.get","firebasehosting.sites.update"]}
[debug] [2025-09-14T16:11:41.168Z] <<< [apiv2][status] GET https://firebase-public.firebaseio.com/cli.json 200
[debug] [2025-09-14T16:11:41.169Z] <<< [apiv2][body] GET https://firebase-public.firebaseio.com/cli.json {"cloudBuildErrorAfter":1594252800000,"cloudBuildWarnAfter":1590019200000,"defaultNode10After":1594252800000,"minVersion":"3.0.5","node8DeploysDisabledAfter":1613390400000,"node8RuntimeDisabledAfter":1615809600000,"node8WarnAfter":1600128000000}
[debug] [2025-09-14T16:11:41.934Z] <<< [apiv2][status] POST https://cloudresourcemanager.googleapis.com/v1/projects/controle-de-gastos-74daf:testIamPermissions 200
[debug] [2025-09-14T16:11:41.935Z] <<< [apiv2][body] POST https://cloudresourcemanager.googleapis.com/v1/projects/controle-de-gastos-74daf:testIamPermissions {"permissions":["cloudfunctions.functions.create","cloudfunctions.functions.delete","cloudfunctions.functions.get","cloudfunctions.functions.list","cloudfunctions.functions.update","cloudfunctions.operations.get","firebase.projects.get","firebasehosting.sites.update"]}
[debug] [2025-09-14T16:11:41.936Z] Checked if tokens are valid: true, expires at: 1757869900013
[debug] [2025-09-14T16:11:41.936Z] Checked if tokens are valid: true, expires at: 1757869900013
[debug] [2025-09-14T16:11:41.936Z] >>> [apiv2][query] POST https://iam.googleapis.com/v1/projects/controle-de-gastos-74daf/serviceAccounts/controle-de-gastos-74daf@appspot.gserviceaccount.com:testIamPermissions [none]
[debug] [2025-09-14T16:11:41.936Z] >>> [apiv2][body] POST https://iam.googleapis.com/v1/projects/controle-de-gastos-74daf/serviceAccounts/controle-de-gastos-74daf@appspot.gserviceaccount.com:testIamPermissions {"permissions":["iam.serviceAccounts.actAs"]}
[debug] [2025-09-14T16:11:42.921Z] <<< [apiv2][status] POST https://iam.googleapis.com/v1/projects/controle-de-gastos-74daf/serviceAccounts/controle-de-gastos-74daf@appspot.gserviceaccount.com:testIamPermissions 200
[debug] [2025-09-14T16:11:42.921Z] <<< [apiv2][body] POST https://iam.googleapis.com/v1/projects/controle-de-gastos-74daf/serviceAccounts/controle-de-gastos-74daf@appspot.gserviceaccount.com:testIamPermissions {"permissions":["iam.serviceAccounts.actAs"]}
[debug] [2025-09-14T16:11:42.921Z] Checked if tokens are valid: true, expires at: 1757869900013
[debug] [2025-09-14T16:11:42.921Z] Checked if tokens are valid: true, expires at: 1757869900013
[debug] [2025-09-14T16:11:42.922Z] >>> [apiv2][query] GET https://firebase.googleapis.com/v1beta1/projects/controle-de-gastos-74daf [none]
[debug] [2025-09-14T16:11:43.347Z] <<< [apiv2][status] GET https://firebase.googleapis.com/v1beta1/projects/controle-de-gastos-74daf 200
[debug] [2025-09-14T16:11:43.347Z] <<< [apiv2][body] GET https://firebase.googleapis.com/v1beta1/projects/controle-de-gastos-74daf {"projectId":"controle-de-gastos-74daf","projectNumber":"331667008487","displayName":"Controle de Gastos","name":"projects/controle-de-gastos-74daf","resources":{"hostingSite":"controle-de-gastos-74daf"},"state":"ACTIVE","etag":"1_1fe122f9-5f75-458d-8c85-58a347c16c05"}
[info] 
[info] === Deploying to 'controle-de-gastos-74daf'...
[info] 
[info] i  deploying functions, hosting 
[debug] [2025-09-14T16:11:43.354Z] Checked if tokens are valid: true, expires at: 1757869900013
[debug] [2025-09-14T16:11:43.354Z] Checked if tokens are valid: true, expires at: 1757869900013
[debug] [2025-09-14T16:11:43.354Z] >>> [apiv2][query] GET https://cloudresourcemanager.googleapis.com/v1/projects/controle-de-gastos-74daf [none]
[debug] [2025-09-14T16:11:43.568Z] <<< [apiv2][status] GET https://cloudresourcemanager.googleapis.com/v1/projects/controle-de-gastos-74daf 200
[debug] [2025-09-14T16:11:43.568Z] <<< [apiv2][body] GET https://cloudresourcemanager.googleapis.com/v1/projects/controle-de-gastos-74daf {"projectNumber":"331667008487","projectId":"controle-de-gastos-74daf","lifecycleState":"ACTIVE","name":"Controle de Gastos","labels":{"firebase":"enabled","firebase-core":"disabled","generative-language":"enabled"},"createTime":"2025-08-19T19:16:02.534708Z"}
[info] i  functions: preparing codebase default for deployment 
[info] i  functions: ensuring required API cloudfunctions.googleapis.com is enabled... 
[info] i  functions: ensuring required API cloudbuild.googleapis.com is enabled... 
[info] i  artifactregistry: ensuring required API artifactregistry.googleapis.com is enabled... 
[debug] [2025-09-14T16:11:43.570Z] Checked if tokens are valid: true, expires at: 1757869900013
[debug] [2025-09-14T16:11:43.570Z] Checked if tokens are valid: true, expires at: 1757869900013
[debug] [2025-09-14T16:11:43.570Z] >>> [apiv2][query] GET https://firebase.googleapis.com/v1beta1/projects/controle-de-gastos-74daf/adminSdkConfig [none]
[debug] [2025-09-14T16:11:43.960Z] <<< [apiv2][status] GET https://firebase.googleapis.com/v1beta1/projects/controle-de-gastos-74daf/adminSdkConfig 200
[debug] [2025-09-14T16:11:43.960Z] <<< [apiv2][body] GET https://firebase.googleapis.com/v1beta1/projects/controle-de-gastos-74daf/adminSdkConfig {"projectId":"controle-de-gastos-74daf","storageBucket":"controle-de-gastos-74daf.firebasestorage.app"}
[debug] [2025-09-14T16:11:43.961Z] Checked if tokens are valid: true, expires at: 1757869900013
[debug] [2025-09-14T16:11:43.961Z] Checked if tokens are valid: true, expires at: 1757869900013
[debug] [2025-09-14T16:11:43.961Z] >>> [apiv2][query] GET https://runtimeconfig.googleapis.com/v1beta1/projects/controle-de-gastos-74daf/configs [none]
[debug] [2025-09-14T16:11:44.522Z] <<< [apiv2][status] GET https://runtimeconfig.googleapis.com/v1beta1/projects/controle-de-gastos-74daf/configs 200
[debug] [2025-09-14T16:11:44.523Z] <<< [apiv2][body] GET https://runtimeconfig.googleapis.com/v1beta1/projects/controle-de-gastos-74daf/configs {}
[debug] [2025-09-14T16:11:44.525Z] Validating nodejs source
[debug] [2025-09-14T16:11:45.011Z] > [functions] package.json contents: {
  "name": "functions",
  "description": "Cloud Functions for Firebase",
  "scripts": {
    "lint": "eslint .",
    "serve": "firebase emulators:start --only functions",
    "shell": "firebase functions:shell",
    "start": "npm run shell",
    "deploy": "firebase deploy --only functions",
    "logs": "firebase functions:log"
  },
  "engines": {
    "node": "22"
  },
  "main": "index.js",
  "dependencies": {
    "firebase-admin": "^12.6.0",
    "firebase-functions": "^6.0.1",
    "nodemailer": "^7.0.6"
  },
  "devDependencies": {
    "eslint": "^8.15.0",
    "eslint-config-google": "^0.14.0",
    "firebase-functions-test": "^3.1.0"
  },
  "private": true
}
[debug] [2025-09-14T16:11:45.011Z] Building nodejs source
[info] i  functions: Loading and analyzing source code for codebase default to determine what to deploy 
[debug] [2025-09-14T16:11:45.012Z] Could not find functions.yaml. Must use http discovery
[debug] [2025-09-14T16:11:45.019Z] Found firebase-functions binary at '/Users/eric/Library/Mobile Documents/com~apple~CloudDocs/Projetos planilha/Controle de Gastos/controledegastos.franzoitech/functions/node_modules/.bin/firebase-functions'
[info] Serving at port 8255

[debug] [2025-09-14T16:11:45.341Z] Got response from /__/functions.yaml {"endpoints":{"hotmartWebhook":{"availableMemoryMb":null,"timeoutSeconds":null,"minInstances":null,"maxInstances":null,"ingressSettings":null,"concurrency":null,"serviceAccountEmail":null,"vpc":null,"platform":"gcfv2","labels":{},"httpsTrigger":{},"entryPoint":"hotmartWebhook"}},"specVersion":"v1alpha1","requiredAPIs":[],"extensions":{}}
[info] i  extensions: ensuring required API firebaseextensions.googleapis.com is enabled... 
[debug] [2025-09-14T16:11:49.362Z] > command requires scopes: ["email","openid","https://www.googleapis.com/auth/cloudplatformprojects.readonly","https://www.googleapis.com/auth/firebase","https://www.googleapis.com/auth/cloud-platform"]
[debug] [2025-09-14T16:11:49.362Z] > authorizing via signed-in user (cabanafranzoi@gmail.com)
[debug] [2025-09-14T16:11:49.363Z] [iam] checking project controle-de-gastos-74daf for permissions ["firebase.projects.get","firebaseextensions.instances.list"]
[debug] [2025-09-14T16:11:49.363Z] Checked if tokens are valid: true, expires at: 1757869900013
[debug] [2025-09-14T16:11:49.363Z] Checked if tokens are valid: true, expires at: 1757869900013
[debug] [2025-09-14T16:11:49.363Z] >>> [apiv2][query] POST https://cloudresourcemanager.googleapis.com/v1/projects/controle-de-gastos-74daf:testIamPermissions [none]
[debug] [2025-09-14T16:11:49.363Z] >>> [apiv2][(partial)header] POST https://cloudresourcemanager.googleapis.com/v1/projects/controle-de-gastos-74daf:testIamPermissions x-goog-quota-user=projects/controle-de-gastos-74daf
[debug] [2025-09-14T16:11:49.363Z] >>> [apiv2][body] POST https://cloudresourcemanager.googleapis.com/v1/projects/controle-de-gastos-74daf:testIamPermissions {"permissions":["firebase.projects.get","firebaseextensions.instances.list"]}
[debug] [2025-09-14T16:11:50.237Z] <<< [apiv2][status] POST https://cloudresourcemanager.googleapis.com/v1/projects/controle-de-gastos-74daf:testIamPermissions 200
[debug] [2025-09-14T16:11:50.237Z] <<< [apiv2][body] POST https://cloudresourcemanager.googleapis.com/v1/projects/controle-de-gastos-74daf:testIamPermissions {"permissions":["firebase.projects.get","firebaseextensions.instances.list"]}
[debug] [2025-09-14T16:11:50.239Z] Checked if tokens are valid: true, expires at: 1757869900013
[debug] [2025-09-14T16:11:50.239Z] Checked if tokens are valid: true, expires at: 1757869900013
[debug] [2025-09-14T16:11:50.239Z] >>> [apiv2][query] GET https://firebaseextensions.googleapis.com/v1beta/projects/controle-de-gastos-74daf/instances pageSize=100&pageToken=
[debug] [2025-09-14T16:11:51.411Z] <<< [apiv2][status] GET https://firebaseextensions.googleapis.com/v1beta/projects/controle-de-gastos-74daf/instances 200
[debug] [2025-09-14T16:11:51.411Z] <<< [apiv2][body] GET https://firebaseextensions.googleapis.com/v1beta/projects/controle-de-gastos-74daf/instances {}
[info] i  functions: preparing functions directory for uploading... 
[info] i  functions: packaged /Users/eric/Library/Mobile Documents/com~apple~CloudDocs/Projetos planilha/Controle de Gastos/controledegastos.franzoitech/functions (79.7 KB) for uploading 
[debug] [2025-09-14T16:11:51.457Z] Checked if tokens are valid: true, expires at: 1757869900013
[debug] [2025-09-14T16:11:51.457Z] Checked if tokens are valid: true, expires at: 1757869900013
[debug] [2025-09-14T16:11:51.457Z] >>> [apiv2][query] GET https://cloudfunctions.googleapis.com/v1/projects/controle-de-gastos-74daf/locations/-/functions [none]
[debug] [2025-09-14T16:11:52.517Z] <<< [apiv2][status] GET https://cloudfunctions.googleapis.com/v1/projects/controle-de-gastos-74daf/locations/-/functions 200
[debug] [2025-09-14T16:11:52.517Z] <<< [apiv2][body] GET https://cloudfunctions.googleapis.com/v1/projects/controle-de-gastos-74daf/locations/-/functions {}
[debug] [2025-09-14T16:11:52.517Z] Checked if tokens are valid: true, expires at: 1757869900013
[debug] [2025-09-14T16:11:52.518Z] Checked if tokens are valid: true, expires at: 1757869900013
[debug] [2025-09-14T16:11:52.518Z] >>> [apiv2][query] GET https://cloudfunctions.googleapis.com/v2/projects/controle-de-gastos-74daf/locations/-/functions filter=environment%3D%22GEN_2%22
[debug] [2025-09-14T16:11:53.717Z] <<< [apiv2][status] GET https://cloudfunctions.googleapis.com/v2/projects/controle-de-gastos-74daf/locations/-/functions 200
[debug] [2025-09-14T16:11:53.717Z] <<< [apiv2][body] GET https://cloudfunctions.googleapis.com/v2/projects/controle-de-gastos-74daf/locations/-/functions {"functions":[{"name":"projects/controle-de-gastos-74daf/locations/us-central1/functions/hotmartWebhook","buildConfig":{"build":"projects/331667008487/locations/us-central1/builds/90dc547c-2f7e-4137-826a-5a01c6ec9430","runtime":"nodejs22","entryPoint":"hotmartWebhook","source":{"storageSource":{"bucket":"gcf-v2-sources-331667008487-us-central1","object":"hotmartWebhook/function-source.zip","generation":"1757689929524656"}},"environmentVariables":{"GOOGLE_NODE_RUN_SCRIPTS":""},"dockerRepository":"projects/controle-de-gastos-74daf/locations/us-central1/repositories/gcf-artifacts","sourceProvenance":{"resolvedStorageSource":{"bucket":"gcf-v2-sources-331667008487-us-central1","object":"hotmartWebhook/function-source.zip","generation":"1757689929524656"}},"dockerRegistry":"ARTIFACT_REGISTRY","serviceAccount":"projects/controle-de-gastos-74daf/serviceAccounts/331667008487-compute@developer.gserviceaccount.com","automaticUpdatePolicy":{}},"serviceConfig":{"service":"projects/controle-de-gastos-74daf/locations/us-central1/services/hotmartwebhook","timeoutSeconds":60,"environmentVariables":{"FIREBASE_CONFIG":"{\"projectId\":\"controle-de-gastos-74daf\",\"storageBucket\":\"controle-de-gastos-74daf.firebasestorage.app\"}","GCLOUD_PROJECT":"controle-de-gastos-74daf","EVENTARC_CLOUD_EVENT_SOURCE":"projects/controle-de-gastos-74daf/locations/us-central1/services/hotmartWebhook","FUNCTION_TARGET":"hotmartWebhook","LOG_EXECUTION_ID":"true"},"maxInstanceCount":3,"ingressSettings":"ALLOW_ALL","uri":"https://hotmartwebhook-u5epfjovka-uc.a.run.app","serviceAccountEmail":"331667008487-compute@developer.gserviceaccount.com","availableMemory":"256Mi","allTrafficOnLatestRevision":true,"revision":"hotmartwebhook-00009-dip","maxInstanceRequestConcurrency":80,"availableCpu":"1"},"state":"ACTIVE","updateTime":"2025-09-12T15:12:54.833277893Z","labels":{"firebase-functions-hash":"0aadeef55c1589f097500e83921930cd82dfa70d","deployment-tool":"cli-firebase"},"environment":"GEN_2","url":"https://us-central1-controle-de-gastos-74daf.cloudfunctions.net/hotmartWebhook","createTime":"2025-09-11T19:57:16.536578715Z","satisfiesPzi":true}]}
[info] i  functions: ensuring required API run.googleapis.com is enabled... 
[info] i  functions: ensuring required API eventarc.googleapis.com is enabled... 
[info] i  functions: ensuring required API pubsub.googleapis.com is enabled... 
[info] i  functions: ensuring required API storage.googleapis.com is enabled... 
[info] i  functions: generating the service identity for pubsub.googleapis.com... 
[debug] [2025-09-14T16:11:53.724Z] Checked if tokens are valid: true, expires at: 1757869900013
[debug] [2025-09-14T16:11:53.724Z] Checked if tokens are valid: true, expires at: 1757869900013
[info] i  functions: generating the service identity for eventarc.googleapis.com... 
[debug] [2025-09-14T16:11:53.724Z] Checked if tokens are valid: true, expires at: 1757869900013
[debug] [2025-09-14T16:11:53.724Z] Checked if tokens are valid: true, expires at: 1757869900013
[debug] [2025-09-14T16:11:53.725Z] >>> [apiv2][query] POST https://serviceusage.googleapis.com/v1beta1/projects/331667008487/services/pubsub.googleapis.com:generateServiceIdentity [none]
[debug] [2025-09-14T16:11:53.725Z] >>> [apiv2][(partial)header] POST https://serviceusage.googleapis.com/v1beta1/projects/331667008487/services/pubsub.googleapis.com:generateServiceIdentity x-goog-quota-user=projects/331667008487
[debug] [2025-09-14T16:11:53.725Z] >>> [apiv2][body] POST https://serviceusage.googleapis.com/v1beta1/projects/331667008487/services/pubsub.googleapis.com:generateServiceIdentity {}
[debug] [2025-09-14T16:11:53.726Z] >>> [apiv2][query] POST https://serviceusage.googleapis.com/v1beta1/projects/331667008487/services/eventarc.googleapis.com:generateServiceIdentity [none]
[debug] [2025-09-14T16:11:53.726Z] >>> [apiv2][(partial)header] POST https://serviceusage.googleapis.com/v1beta1/projects/331667008487/services/eventarc.googleapis.com:generateServiceIdentity x-goog-quota-user=projects/331667008487
[debug] [2025-09-14T16:11:53.726Z] >>> [apiv2][body] POST https://serviceusage.googleapis.com/v1beta1/projects/331667008487/services/eventarc.googleapis.com:generateServiceIdentity {}
[debug] [2025-09-14T16:11:54.886Z] <<< [apiv2][status] POST https://serviceusage.googleapis.com/v1beta1/projects/331667008487/services/eventarc.googleapis.com:generateServiceIdentity 200
[debug] [2025-09-14T16:11:54.886Z] <<< [apiv2][body] POST https://serviceusage.googleapis.com/v1beta1/projects/331667008487/services/eventarc.googleapis.com:generateServiceIdentity {"name":"operations/finished.DONE_OPERATION","done":true,"response":{"@type":"type.googleapis.com/google.api.serviceusage.v1beta1.ServiceIdentity","email":"service-331667008487@gcp-sa-eventarc.iam.gserviceaccount.com","uniqueId":"117787238749898535663"}}
[debug] [2025-09-14T16:11:54.912Z] <<< [apiv2][status] POST https://serviceusage.googleapis.com/v1beta1/projects/331667008487/services/pubsub.googleapis.com:generateServiceIdentity 200
[debug] [2025-09-14T16:11:54.912Z] <<< [apiv2][body] POST https://serviceusage.googleapis.com/v1beta1/projects/331667008487/services/pubsub.googleapis.com:generateServiceIdentity {"name":"operations/finished.DONE_OPERATION","done":true,"response":{"@type":"type.googleapis.com/google.api.serviceusage.v1beta1.ServiceIdentity","email":"service-331667008487@gcp-sa-pubsub.iam.gserviceaccount.com","uniqueId":"101509500644378303994"}}
[debug] [2025-09-14T16:11:54.917Z] Checked if tokens are valid: true, expires at: 1757869900013
[debug] [2025-09-14T16:11:54.917Z] Checked if tokens are valid: true, expires at: 1757869900013
[debug] [2025-09-14T16:11:54.917Z] >>> [apiv2][query] GET https://cloudresourcemanager.googleapis.com/v1/projects/controle-de-gastos-74daf [none]
[debug] [2025-09-14T16:11:55.149Z] <<< [apiv2][status] GET https://cloudresourcemanager.googleapis.com/v1/projects/controle-de-gastos-74daf 200
[debug] [2025-09-14T16:11:55.149Z] <<< [apiv2][body] GET https://cloudresourcemanager.googleapis.com/v1/projects/controle-de-gastos-74daf {"projectNumber":"331667008487","projectId":"controle-de-gastos-74daf","lifecycleState":"ACTIVE","name":"Controle de Gastos","labels":{"firebase":"enabled","firebase-core":"disabled","generative-language":"enabled"},"createTime":"2025-08-19T19:16:02.534708Z"}
[debug] [2025-09-14T16:11:55.150Z] Checked if tokens are valid: true, expires at: 1757869900013
[debug] [2025-09-14T16:11:55.150Z] Checked if tokens are valid: true, expires at: 1757869900013
[debug] [2025-09-14T16:11:55.150Z] >>> [apiv2][query] GET https://compute.googleapis.com/compute/v1/projects/331667008487 [none]
[debug] [2025-09-14T16:11:56.319Z] <<< [apiv2][status] GET https://compute.googleapis.com/compute/v1/projects/331667008487 403
[debug] [2025-09-14T16:11:56.319Z] <<< [apiv2][body] GET https://compute.googleapis.com/compute/v1/projects/331667008487 {"error":{"code":403,"message":"Compute Engine API has not been used in project 331667008487 before or it is disabled. Enable it by visiting https://console.developers.google.com/apis/api/compute.googleapis.com/overview?project=331667008487 then retry. If you enabled this API recently, wait a few minutes for the action to propagate to our systems and retry.","errors":[{"message":"Compute Engine API has not been used in project 331667008487 before or it is disabled. Enable it by visiting https://console.developers.google.com/apis/api/compute.googleapis.com/overview?project=331667008487 then retry. If you enabled this API recently, wait a few minutes for the action to propagate to our systems and retry.","domain":"usageLimits","reason":"accessNotConfigured","extendedHelp":"https://console.developers.google.com"}],"status":"PERMISSION_DENIED","details":[{"@type":"type.googleapis.com/google.rpc.ErrorInfo","reason":"SERVICE_DISABLED","domain":"googleapis.com","metadata":{"consumer":"projects/331667008487","service":"compute.googleapis.com","containerInfo":"331667008487","activationUrl":"https://console.developers.google.com/apis/api/compute.googleapis.com/overview?project=331667008487","serviceTitle":"Compute Engine API"}},{"@type":"type.googleapis.com/google.rpc.LocalizedMessage","locale":"en-US","message":"Compute Engine API has not been used in project 331667008487 before or it is disabled. Enable it by visiting https://console.developers.google.com/apis/api/compute.googleapis.com/overview?project=331667008487 then retry. If you enabled this API recently, wait a few minutes for the action to propagate to our systems and retry."},{"@type":"type.googleapis.com/google.rpc.Help","links":[{"description":"Google developers console API activation","url":"https://console.developers.google.com/apis/api/compute.googleapis.com/overview?project=331667008487"}]}]}}
[debug] [2025-09-14T16:11:56.320Z] unable to look up default compute service account. Falling back to 331667008487-compute@developer.gserviceaccount.com. Error: {"name":"FirebaseError","children":[],"context":{"body":{"error":{"code":403,"message":"Compute Engine API has not been used in project 331667008487 before or it is disabled. Enable it by visiting https://console.developers.google.com/apis/api/compute.googleapis.com/overview?project=331667008487 then retry. If you enabled this API recently, wait a few minutes for the action to propagate to our systems and retry.","errors":[{"message":"Compute Engine API has not been used in project 331667008487 before or it is disabled. Enable it by visiting https://console.developers.google.com/apis/api/compute.googleapis.com/overview?project=331667008487 then retry. If you enabled this API recently, wait a few minutes for the action to propagate to our systems and retry.","domain":"usageLimits","reason":"accessNotConfigured","extendedHelp":"https://console.developers.google.com"}],"status":"PERMISSION_DENIED","details":[{"@type":"type.googleapis.com/google.rpc.ErrorInfo","reason":"SERVICE_DISABLED","domain":"googleapis.com","metadata":{"consumer":"projects/331667008487","service":"compute.googleapis.com","containerInfo":"331667008487","activationUrl":"https://console.developers.google.com/apis/api/compute.googleapis.com/overview?project=331667008487","serviceTitle":"Compute Engine API"}},{"@type":"type.googleapis.com/google.rpc.LocalizedMessage","locale":"en-US","message":"Compute Engine API has not been used in project 331667008487 before or it is disabled. Enable it by visiting https://console.developers.google.com/apis/api/compute.googleapis.com/overview?project=331667008487 then retry. If you enabled this API recently, wait a few minutes for the action to propagate to our systems and retry."},{"@type":"type.googleapis.com/google.rpc.Help","links":[{"description":"Google developers console API activation","url":"https://console.developers.google.com/apis/api/compute.googleapis.com/overview?project=331667008487"}]}]}},"response":{"statusCode":403}},"exit":1,"message":"Request to https://compute.googleapis.com/compute/v1/projects/331667008487 had HTTP Error: 403, Compute Engine API has not been used in project 331667008487 before or it is disabled. Enable it by visiting https://console.developers.google.com/apis/api/compute.googleapis.com/overview?project=331667008487 then retry. If you enabled this API recently, wait a few minutes for the action to propagate to our systems and retry.","status":403}
[debug] [2025-09-14T16:11:56.324Z] Checked if tokens are valid: true, expires at: 1757869900013
[debug] [2025-09-14T16:11:56.324Z] Checked if tokens are valid: true, expires at: 1757869900013
[debug] [2025-09-14T16:11:56.324Z] >>> [apiv2][query] POST https://firebasehosting.googleapis.com/v1beta1/projects/-/sites/controle-de-gastos-74daf/versions [none]
[debug] [2025-09-14T16:11:56.325Z] >>> [apiv2][body] POST https://firebasehosting.googleapis.com/v1beta1/projects/-/sites/controle-de-gastos-74daf/versions {"status":"CREATED","labels":{"deployment-tool":"cli-firebase"}}
[debug] [2025-09-14T16:11:57.665Z] <<< [apiv2][status] POST https://firebasehosting.googleapis.com/v1beta1/projects/-/sites/controle-de-gastos-74daf/versions 200
[debug] [2025-09-14T16:11:57.666Z] <<< [apiv2][body] POST https://firebasehosting.googleapis.com/v1beta1/projects/-/sites/controle-de-gastos-74daf/versions {"name":"projects/331667008487/sites/controle-de-gastos-74daf/versions/0e1651aab6fdc634","status":"CREATED","config":{},"labels":{"deployment-tool":"cli-firebase"}}
[debug] [2025-09-14T16:11:57.667Z] Checked if tokens are valid: true, expires at: 1757869900013
[debug] [2025-09-14T16:11:57.667Z] Checked if tokens are valid: true, expires at: 1757869900013
[debug] [2025-09-14T16:11:57.668Z] >>> [apiv2][query] GET https://cloudbilling.googleapis.com/v1/projects/controle-de-gastos-74daf/billingInfo [none]
[debug] [2025-09-14T16:11:58.800Z] <<< [apiv2][status] GET https://cloudbilling.googleapis.com/v1/projects/controle-de-gastos-74daf/billingInfo 200
[debug] [2025-09-14T16:11:58.800Z] <<< [apiv2][body] GET https://cloudbilling.googleapis.com/v1/projects/controle-de-gastos-74daf/billingInfo {"name":"projects/controle-de-gastos-74daf/billingInfo","projectId":"controle-de-gastos-74daf","billingAccountName":"billingAccounts/013B0A-86006B-BD4FE7","billingEnabled":true}
[debug] [2025-09-14T16:11:58.802Z] Checked if tokens are valid: true, expires at: 1757869900013
[debug] [2025-09-14T16:11:58.802Z] Checked if tokens are valid: true, expires at: 1757869900013
[debug] [2025-09-14T16:11:58.802Z] >>> [apiv2][query] POST https://cloudfunctions.googleapis.com/v2/projects/controle-de-gastos-74daf/locations/us-central1/functions:generateUploadUrl [none]
[debug] [2025-09-14T16:11:59.945Z] <<< [apiv2][status] POST https://cloudfunctions.googleapis.com/v2/projects/controle-de-gastos-74daf/locations/us-central1/functions:generateUploadUrl 200
[debug] [2025-09-14T16:11:59.945Z] <<< [apiv2][body] POST https://cloudfunctions.googleapis.com/v2/projects/controle-de-gastos-74daf/locations/us-central1/functions:generateUploadUrl {"uploadUrl":"https://storage.googleapis.com/gcf-v2-uploads-331667008487.us-central1.cloudfunctions.appspot.com/9f0b93e7-5489-472a-8e8d-d8a8f186f846.zip?GoogleAccessId=service-331667008487@gcf-admin-robot.iam.gserviceaccount.com&Expires=1757868119&Signature=ose2XPJ%2Fw7uqvL4%2FUGMF1afmG5yJOdK65MQqaaxEs644lmCYgqzcXpIpMdPAdVZN1M2GNbObnDfYnNR9wv2vMfmchLmfMzbmzLZkuSFWJV6GoS1K9Nv5K1B%2Boag6B9q5WZFMZn1zJfkwi5NFfj7uPoW%2FUkLn%2BjZpjBFFEO9Qw4mJBpRRtA3KF3HVl1Cy%2F875SYcEhW1f0qYG1aQWDEZAJOzOFNs3o4Qp195w625E%2FcvPARkGRel0GOT6uavo%2BSfhNAtI1sauBols7IOR4sg0JMuhiFlthD1zNmqgHVsQMFBh8qG%2FBbuJdq%2BAjbqCCM9SzQdp4m9PeeqcQLVnkuih0A%3D%3D","storageSource":{"bucket":"gcf-v2-uploads-331667008487.us-central1.cloudfunctions.appspot.com","object":"9f0b93e7-5489-472a-8e8d-d8a8f186f846.zip"}}
[debug] [2025-09-14T16:11:59.946Z] >>> [apiv2][query] PUT https://storage.googleapis.com/gcf-v2-uploads-331667008487.us-central1.cloudfunctions.appspot.com/9f0b93e7-5489-472a-8e8d-d8a8f186f846.zip GoogleAccessId=service-331667008487%40gcf-admin-robot.iam.gserviceaccount.com&Expires=1757868119&Signature=ose2XPJ%2Fw7uqvL4%2FUGMF1afmG5yJOdK65MQqaaxEs644lmCYgqzcXpIpMdPAdVZN1M2GNbObnDfYnNR9wv2vMfmchLmfMzbmzLZkuSFWJV6GoS1K9Nv5K1B%2Boag6B9q5WZFMZn1zJfkwi5NFfj7uPoW%2FUkLn%2BjZpjBFFEO9Qw4mJBpRRtA3KF3HVl1Cy%2F875SYcEhW1f0qYG1aQWDEZAJOzOFNs3o4Qp195w625E%2FcvPARkGRel0GOT6uavo%2BSfhNAtI1sauBols7IOR4sg0JMuhiFlthD1zNmqgHVsQMFBh8qG%2FBbuJdq%2BAjbqCCM9SzQdp4m9PeeqcQLVnkuih0A%3D%3D
[debug] [2025-09-14T16:11:59.946Z] >>> [apiv2][body] PUT https://storage.googleapis.com/gcf-v2-uploads-331667008487.us-central1.cloudfunctions.appspot.com/9f0b93e7-5489-472a-8e8d-d8a8f186f846.zip [stream]
[debug] [2025-09-14T16:12:01.400Z] <<< [apiv2][status] PUT https://storage.googleapis.com/gcf-v2-uploads-331667008487.us-central1.cloudfunctions.appspot.com/9f0b93e7-5489-472a-8e8d-d8a8f186f846.zip 200
[debug] [2025-09-14T16:12:01.400Z] <<< [apiv2][body] PUT https://storage.googleapis.com/gcf-v2-uploads-331667008487.us-central1.cloudfunctions.appspot.com/9f0b93e7-5489-472a-8e8d-d8a8f186f846.zip [omitted]
[info] ✔  functions: functions source uploaded successfully 
[info] i  hosting[controle-de-gastos-74daf]: beginning deploy... 
[info] i  hosting[controle-de-gastos-74daf]: found 3 files in dist 
[debug] [2025-09-14T16:12:01.421Z] [hosting] uploading with 200 concurrency
[debug] [2025-09-14T16:12:01.422Z] [hosting] hash cache [ZGlzdA] not populated
[debug] [2025-09-14T16:12:01.429Z] Checked if tokens are valid: true, expires at: 1757869900013
[debug] [2025-09-14T16:12:01.429Z] Checked if tokens are valid: true, expires at: 1757869900013
[debug] [2025-09-14T16:12:01.430Z] [hosting] hash cache [ZGlzdA] stored for 3 files
[debug] [2025-09-14T16:12:01.430Z] [hosting][hash queue][FINAL] {"max":4,"min":4,"avg":4,"active":0,"complete":3,"success":3,"errored":0,"retried":0,"total":3,"elapsed":6}
[debug] [2025-09-14T16:12:01.431Z] >>> [apiv2][query] POST https://firebasehosting.googleapis.com/v1beta1/projects/331667008487/sites/controle-de-gastos-74daf/versions/0e1651aab6fdc634:populateFiles [none]
[debug] [2025-09-14T16:12:01.431Z] >>> [apiv2][body] POST https://firebasehosting.googleapis.com/v1beta1/projects/331667008487/sites/controle-de-gastos-74daf/versions/0e1651aab6fdc634:populateFiles {"files":{"/index.html":"7199d5fb87e2e47934a681b792abd4e114a15f02f08927b30d94051e16b4b298","/assets/main-4NRm6MgI.js":"4a57c5c9602a9b5a3b25fdeebb86b4f819a1031041d9f164790ae627550dc094","/ajuda.html":"a59a8e74554f5972eacaba8db66ebbfd8127a8e46fc4c7cc744e26cc9aae34bd"}}
[debug] [2025-09-14T16:12:01.636Z] <<< [apiv2][status] POST https://firebasehosting.googleapis.com/v1beta1/projects/331667008487/sites/controle-de-gastos-74daf/versions/0e1651aab6fdc634:populateFiles 200
[debug] [2025-09-14T16:12:01.636Z] <<< [apiv2][body] POST https://firebasehosting.googleapis.com/v1beta1/projects/331667008487/sites/controle-de-gastos-74daf/versions/0e1651aab6fdc634:populateFiles {"uploadRequiredHashes":["7199d5fb87e2e47934a681b792abd4e114a15f02f08927b30d94051e16b4b298","4a57c5c9602a9b5a3b25fdeebb86b4f819a1031041d9f164790ae627550dc094","a59a8e74554f5972eacaba8db66ebbfd8127a8e46fc4c7cc744e26cc9aae34bd"],"uploadUrl":"https://upload-firebasehosting.googleapis.com/upload/sites/controle-de-gastos-74daf/versions/0e1651aab6fdc634/files"}
[debug] [2025-09-14T16:12:01.637Z] Checked if tokens are valid: true, expires at: 1757869900013
[debug] [2025-09-14T16:12:01.637Z] Checked if tokens are valid: true, expires at: 1757869900013
[debug] [2025-09-14T16:12:01.637Z] Checked if tokens are valid: true, expires at: 1757869900013
[debug] [2025-09-14T16:12:01.637Z] Checked if tokens are valid: true, expires at: 1757869900013
[debug] [2025-09-14T16:12:01.638Z] Checked if tokens are valid: true, expires at: 1757869900013
[debug] [2025-09-14T16:12:01.638Z] Checked if tokens are valid: true, expires at: 1757869900013
[debug] [2025-09-14T16:12:01.638Z] >>> [apiv2][query] POST https://upload-firebasehosting.googleapis.com/upload/sites/controle-de-gastos-74daf/versions/0e1651aab6fdc634/files/7199d5fb87e2e47934a681b792abd4e114a15f02f08927b30d94051e16b4b298 [none]
[debug] [2025-09-14T16:12:01.638Z] >>> [apiv2][body] POST https://upload-firebasehosting.googleapis.com/upload/sites/controle-de-gastos-74daf/versions/0e1651aab6fdc634/files/7199d5fb87e2e47934a681b792abd4e114a15f02f08927b30d94051e16b4b298 [stream]
[debug] [2025-09-14T16:12:01.639Z] >>> [apiv2][query] POST https://upload-firebasehosting.googleapis.com/upload/sites/controle-de-gastos-74daf/versions/0e1651aab6fdc634/files/4a57c5c9602a9b5a3b25fdeebb86b4f819a1031041d9f164790ae627550dc094 [none]
[debug] [2025-09-14T16:12:01.639Z] >>> [apiv2][body] POST https://upload-firebasehosting.googleapis.com/upload/sites/controle-de-gastos-74daf/versions/0e1651aab6fdc634/files/4a57c5c9602a9b5a3b25fdeebb86b4f819a1031041d9f164790ae627550dc094 [stream]
[debug] [2025-09-14T16:12:01.640Z] >>> [apiv2][query] POST https://upload-firebasehosting.googleapis.com/upload/sites/controle-de-gastos-74daf/versions/0e1651aab6fdc634/files/a59a8e74554f5972eacaba8db66ebbfd8127a8e46fc4c7cc744e26cc9aae34bd [none]
[debug] [2025-09-14T16:12:01.640Z] >>> [apiv2][body] POST https://upload-firebasehosting.googleapis.com/upload/sites/controle-de-gastos-74daf/versions/0e1651aab6fdc634/files/a59a8e74554f5972eacaba8db66ebbfd8127a8e46fc4c7cc744e26cc9aae34bd [stream]
[debug] [2025-09-14T16:12:01.642Z] [hosting][populate queue][FINAL] {"max":209,"min":209,"avg":209,"active":0,"complete":1,"success":1,"errored":0,"retried":0,"total":1,"elapsed":213}
[debug] [2025-09-14T16:12:01.642Z] [hosting] uploads queued: 3
[debug] [2025-09-14T16:12:03.039Z] <<< [apiv2][status] POST https://upload-firebasehosting.googleapis.com/upload/sites/controle-de-gastos-74daf/versions/0e1651aab6fdc634/files/4a57c5c9602a9b5a3b25fdeebb86b4f819a1031041d9f164790ae627550dc094 200
[debug] [2025-09-14T16:12:03.039Z] <<< [apiv2][body] POST https://upload-firebasehosting.googleapis.com/upload/sites/controle-de-gastos-74daf/versions/0e1651aab6fdc634/files/4a57c5c9602a9b5a3b25fdeebb86b4f819a1031041d9f164790ae627550dc094 [stream]
[debug] [2025-09-14T16:12:03.600Z] <<< [apiv2][status] POST https://upload-firebasehosting.googleapis.com/upload/sites/controle-de-gastos-74daf/versions/0e1651aab6fdc634/files/a59a8e74554f5972eacaba8db66ebbfd8127a8e46fc4c7cc744e26cc9aae34bd 200
[debug] [2025-09-14T16:12:03.600Z] <<< [apiv2][body] POST https://upload-firebasehosting.googleapis.com/upload/sites/controle-de-gastos-74daf/versions/0e1651aab6fdc634/files/a59a8e74554f5972eacaba8db66ebbfd8127a8e46fc4c7cc744e26cc9aae34bd [stream]
[debug] [2025-09-14T16:12:04.342Z] <<< [apiv2][status] POST https://upload-firebasehosting.googleapis.com/upload/sites/controle-de-gastos-74daf/versions/0e1651aab6fdc634/files/7199d5fb87e2e47934a681b792abd4e114a15f02f08927b30d94051e16b4b298 200
[debug] [2025-09-14T16:12:04.342Z] <<< [apiv2][body] POST https://upload-firebasehosting.googleapis.com/upload/sites/controle-de-gastos-74daf/versions/0e1651aab6fdc634/files/7199d5fb87e2e47934a681b792abd4e114a15f02f08927b30d94051e16b4b298 [stream]
[debug] [2025-09-14T16:12:04.342Z] [hosting][upload queue][FINAL] {"max":2705,"min":1402,"avg":2023.3333333333333,"active":0,"complete":3,"success":3,"errored":0,"retried":0,"total":3,"elapsed":2705}
[info] ✔  hosting[controle-de-gastos-74daf]: file upload complete 
[debug] [2025-09-14T16:12:04.344Z] [hosting] deploy completed after 2939ms
[info] i  functions: updating Node.js 22 (2nd Gen) function hotmartWebhook(us-central1)... 
[debug] [2025-09-14T16:12:04.352Z] Checked if tokens are valid: true, expires at: 1757869900013
[debug] [2025-09-14T16:12:04.352Z] Checked if tokens are valid: true, expires at: 1757869900013
[debug] [2025-09-14T16:12:04.352Z] >>> [apiv2][query] PATCH https://cloudfunctions.googleapis.com/v2/projects/controle-de-gastos-74daf/locations/us-central1/functions/hotmartWebhook updateMask=name%2CbuildConfig.runtime%2CbuildConfig.entryPoint%2CbuildConfig.source.storageSource.bucket%2CbuildConfig.source.storageSource.object%2CbuildConfig.environmentVariables%2CbuildConfig.sourceToken%2CserviceConfig.environmentVariables%2CserviceConfig.ingressSettings%2CserviceConfig.timeoutSeconds%2CserviceConfig.serviceAccountEmail%2CserviceConfig.availableMemory%2CserviceConfig.minInstanceCount%2CserviceConfig.maxInstanceCount%2CserviceConfig.maxInstanceRequestConcurrency%2CserviceConfig.availableCpu%2CserviceConfig.vpcConnector%2CserviceConfig.vpcConnectorEgressSettings%2Clabels
[debug] [2025-09-14T16:12:04.352Z] >>> [apiv2][body] PATCH https://cloudfunctions.googleapis.com/v2/projects/controle-de-gastos-74daf/locations/us-central1/functions/hotmartWebhook {"name":"projects/controle-de-gastos-74daf/locations/us-central1/functions/hotmartWebhook","buildConfig":{"runtime":"nodejs22","entryPoint":"hotmartWebhook","source":{"storageSource":{"bucket":"gcf-v2-uploads-331667008487.us-central1.cloudfunctions.appspot.com","object":"9f0b93e7-5489-472a-8e8d-d8a8f186f846.zip"}},"environmentVariables":{"GOOGLE_NODE_RUN_SCRIPTS":""}},"serviceConfig":{"environmentVariables":{"FIREBASE_CONFIG":"{\"projectId\":\"controle-de-gastos-74daf\",\"storageBucket\":\"controle-de-gastos-74daf.firebasestorage.app\"}","GCLOUD_PROJECT":"controle-de-gastos-74daf","EVENTARC_CLOUD_EVENT_SOURCE":"projects/controle-de-gastos-74daf/locations/us-central1/services/hotmartWebhook","FUNCTION_TARGET":"hotmartWebhook","LOG_EXECUTION_ID":"true"},"ingressSettings":null,"timeoutSeconds":null,"serviceAccountEmail":null,"availableMemory":"256Mi","minInstanceCount":null,"maxInstanceCount":null,"maxInstanceRequestConcurrency":80,"availableCpu":"1","vpcConnector":null,"vpcConnectorEgressSettings":null},"labels":{"deployment-tool":"cli-firebase","firebase-functions-hash":"7b5b304f5adb3227b084b8be1be9a397bbe03cc2"}}
[debug] [2025-09-14T16:12:06.387Z] <<< [apiv2][status] PATCH https://cloudfunctions.googleapis.com/v2/projects/controle-de-gastos-74daf/locations/us-central1/functions/hotmartWebhook 200
[debug] [2025-09-14T16:12:06.388Z] <<< [apiv2][body] PATCH https://cloudfunctions.googleapis.com/v2/projects/controle-de-gastos-74daf/locations/us-central1/functions/hotmartWebhook {"name":"projects/controle-de-gastos-74daf/locations/us-central1/operations/operation-1757866325182-63ec525e007ce-8fe885c1-25d66dad","metadata":{"@type":"type.googleapis.com/google.cloud.functions.v2.OperationMetadata","createTime":"2025-09-14T16:12:06.241395234Z","target":"projects/controle-de-gastos-74daf/locations/us-central1/functions/hotmartWebhook","verb":"update","cancelRequested":false,"apiVersion":"v2"},"done":false}
[debug] [2025-09-14T16:12:06.389Z] Checked if tokens are valid: true, expires at: 1757869900013
[debug] [2025-09-14T16:12:06.389Z] Checked if tokens are valid: true, expires at: 1757869900013
[debug] [2025-09-14T16:12:06.389Z] >>> [apiv2][query] GET https://cloudfunctions.googleapis.com/v2/projects/controle-de-gastos-74daf/locations/us-central1/operations/operation-1757866325182-63ec525e007ce-8fe885c1-25d66dad [none]
[debug] [2025-09-14T16:12:07.333Z] <<< [apiv2][status] GET https://cloudfunctions.googleapis.com/v2/projects/controle-de-gastos-74daf/locations/us-central1/operations/operation-1757866325182-63ec525e007ce-8fe885c1-25d66dad 200
[debug] [2025-09-14T16:12:07.333Z] <<< [apiv2][body] GET https://cloudfunctions.googleapis.com/v2/projects/controle-de-gastos-74daf/locations/us-central1/operations/operation-1757866325182-63ec525e007ce-8fe885c1-25d66dad {"name":"projects/controle-de-gastos-74daf/locations/us-central1/operations/operation-1757866325182-63ec525e007ce-8fe885c1-25d66dad","metadata":{"@type":"type.googleapis.com/google.cloud.functions.v2.OperationMetadata","createTime":"2025-09-14T16:12:06.241395234Z","target":"projects/controle-de-gastos-74daf/locations/us-central1/functions/hotmartWebhook","verb":"update","cancelRequested":false,"apiVersion":"v2","requestResource":{"@type":"type.googleapis.com/google.cloud.functions.v2.Function","name":"projects/controle-de-gastos-74daf/locations/us-central1/functions/hotmartWebhook","buildConfig":{"runtime":"nodejs22","entryPoint":"hotmartWebhook","source":{"storageSource":{"bucket":"gcf-v2-sources-331667008487-us-central1","object":"hotmartWebhook/function-source.zip","generation":"1757866326170505"}},"environmentVariables":{"GOOGLE_NODE_RUN_SCRIPTS":""},"dockerRepository":"projects/controle-de-gastos-74daf/locations/us-central1/repositories/gcf-artifacts","sourceProvenance":{"resolvedStorageSource":{"bucket":"gcf-v2-sources-331667008487-us-central1","object":"hotmartWebhook/function-source.zip","generation":"1757689929524656"}},"dockerRegistry":"ARTIFACT_REGISTRY","serviceAccount":"projects/controle-de-gastos-74daf/serviceAccounts/331667008487-compute@developer.gserviceaccount.com","automaticUpdatePolicy":{}},"serviceConfig":{"service":"projects/controle-de-gastos-74daf/locations/us-central1/services/hotmartwebhook","timeoutSeconds":60,"environmentVariables":{"FIREBASE_CONFIG":"{\"projectId\":\"controle-de-gastos-74daf\",\"storageBucket\":\"controle-de-gastos-74daf.firebasestorage.app\"}","GCLOUD_PROJECT":"controle-de-gastos-74daf","EVENTARC_CLOUD_EVENT_SOURCE":"projects/controle-de-gastos-74daf/locations/us-central1/services/hotmartWebhook","FUNCTION_TARGET":"hotmartWebhook","LOG_EXECUTION_ID":"true"},"ingressSettings":"ALLOW_ALL","uri":"https://hotmartwebhook-u5epfjovka-uc.a.run.app","serviceAccountEmail":"331667008487-compute@developer.gserviceaccount.com","availableMemory":"256Mi","allTrafficOnLatestRevision":true,"revision":"hotmartwebhook-00009-dip","maxInstanceRequestConcurrency":80,"availableCpu":"1"},"state":"ACTIVE","labels":{"deployment-tool":"cloud-console","firebase-functions-hash":"7b5b304f5adb3227b084b8be1be9a397bbe03cc2"},"environment":"GEN_2","url":"https://us-central1-controle-de-gastos-74daf.cloudfunctions.net/hotmartWebhook","satisfiesPzi":true},"stages":[{"name":"BUILD","message":"Creating build","state":"IN_PROGRESS","resource":"projects/331667008487/locations/us-central1/builds/68309d08-78d8-4b31-a8d7-4c43cd6954f8","resourceUri":"https://console.cloud.google.com/cloud-build/builds;region=us-central1/68309d08-78d8-4b31-a8d7-4c43cd6954f8?project=331667008487"},{"name":"SERVICE","state":"NOT_STARTED"}],"operationType":"UPDATE_FUNCTION","buildName":"projects/331667008487/locations/us-central1/builds/68309d08-78d8-4b31-a8d7-4c43cd6954f8"},"done":false}
[debug] [2025-09-14T16:12:07.835Z] [update-default-us-central1-hotmartWebhook] Retrying task index 0
[debug] [2025-09-14T16:12:07.835Z] Checked if tokens are valid: true, expires at: 1757869900013
[debug] [2025-09-14T16:12:07.835Z] Checked if tokens are valid: true, expires at: 1757869900013
[debug] [2025-09-14T16:12:07.835Z] >>> [apiv2][query] GET https://cloudfunctions.googleapis.com/v2/projects/controle-de-gastos-74daf/locations/us-central1/operations/operation-1757866325182-63ec525e007ce-8fe885c1-25d66dad [none]
[debug] [2025-09-14T16:12:08.769Z] <<< [apiv2][status] GET https://cloudfunctions.googleapis.com/v2/projects/controle-de-gastos-74daf/locations/us-central1/operations/operation-1757866325182-63ec525e007ce-8fe885c1-25d66dad 200
[debug] [2025-09-14T16:12:08.769Z] <<< [apiv2][body] GET https://cloudfunctions.googleapis.com/v2/projects/controle-de-gastos-74daf/locations/us-central1/operations/operation-1757866325182-63ec525e007ce-8fe885c1-25d66dad {"name":"projects/controle-de-gastos-74daf/locations/us-central1/operations/operation-1757866325182-63ec525e007ce-8fe885c1-25d66dad","metadata":{"@type":"type.googleapis.com/google.cloud.functions.v2.OperationMetadata","createTime":"2025-09-14T16:12:06.241395234Z","target":"projects/controle-de-gastos-74daf/locations/us-central1/functions/hotmartWebhook","verb":"update","cancelRequested":false,"apiVersion":"v2","requestResource":{"@type":"type.googleapis.com/google.cloud.functions.v2.Function","name":"projects/controle-de-gastos-74daf/locations/us-central1/functions/hotmartWebhook","buildConfig":{"runtime":"nodejs22","entryPoint":"hotmartWebhook","source":{"storageSource":{"bucket":"gcf-v2-sources-331667008487-us-central1","object":"hotmartWebhook/function-source.zip","generation":"1757866326170505"}},"environmentVariables":{"GOOGLE_NODE_RUN_SCRIPTS":""},"dockerRepository":"projects/controle-de-gastos-74daf/locations/us-central1/repositories/gcf-artifacts","sourceProvenance":{"resolvedStorageSource":{"bucket":"gcf-v2-sources-331667008487-us-central1","object":"hotmartWebhook/function-source.zip","generation":"1757689929524656"}},"dockerRegistry":"ARTIFACT_REGISTRY","serviceAccount":"projects/controle-de-gastos-74daf/serviceAccounts/331667008487-compute@developer.gserviceaccount.com","automaticUpdatePolicy":{}},"serviceConfig":{"service":"projects/controle-de-gastos-74daf/locations/us-central1/services/hotmartwebhook","timeoutSeconds":60,"environmentVariables":{"FIREBASE_CONFIG":"{\"projectId\":\"controle-de-gastos-74daf\",\"storageBucket\":\"controle-de-gastos-74daf.firebasestorage.app\"}","GCLOUD_PROJECT":"controle-de-gastos-74daf","EVENTARC_CLOUD_EVENT_SOURCE":"projects/controle-de-gastos-74daf/locations/us-central1/services/hotmartWebhook","FUNCTION_TARGET":"hotmartWebhook","LOG_EXECUTION_ID":"true"},"ingressSettings":"ALLOW_ALL","uri":"https://hotmartwebhook-u5epfjovka-uc.a.run.app","serviceAccountEmail":"331667008487-compute@developer.gserviceaccount.com","availableMemory":"256Mi","allTrafficOnLatestRevision":true,"revision":"hotmartwebhook-00009-dip","maxInstanceRequestConcurrency":80,"availableCpu":"1"},"state":"ACTIVE","labels":{"deployment-tool":"cloud-console","firebase-functions-hash":"7b5b304f5adb3227b084b8be1be9a397bbe03cc2"},"environment":"GEN_2","url":"https://us-central1-controle-de-gastos-74daf.cloudfunctions.net/hotmartWebhook","satisfiesPzi":true},"stages":[{"name":"BUILD","message":"Build in progress","state":"IN_PROGRESS","resource":"projects/331667008487/locations/us-central1/builds/68309d08-78d8-4b31-a8d7-4c43cd6954f8","resourceUri":"https://console.cloud.google.com/cloud-build/builds;region=us-central1/68309d08-78d8-4b31-a8d7-4c43cd6954f8?project=331667008487"},{"name":"SERVICE","state":"NOT_STARTED"}],"operationType":"UPDATE_FUNCTION","buildName":"projects/331667008487/locations/us-central1/builds/68309d08-78d8-4b31-a8d7-4c43cd6954f8"},"done":false}
[debug] [2025-09-14T16:12:09.771Z] [update-default-us-central1-hotmartWebhook] Retrying task index 0
[debug] [2025-09-14T16:12:09.772Z] Checked if tokens are valid: true, expires at: 1757869900013
[debug] [2025-09-14T16:12:09.772Z] Checked if tokens are valid: true, expires at: 1757869900013
[debug] [2025-09-14T16:12:09.772Z] >>> [apiv2][query] GET https://cloudfunctions.googleapis.com/v2/projects/controle-de-gastos-74daf/locations/us-central1/operations/operation-1757866325182-63ec525e007ce-8fe885c1-25d66dad [none]
[debug] [2025-09-14T16:12:10.712Z] <<< [apiv2][status] GET https://cloudfunctions.googleapis.com/v2/projects/controle-de-gastos-74daf/locations/us-central1/operations/operation-1757866325182-63ec525e007ce-8fe885c1-25d66dad 200
[debug] [2025-09-14T16:12:10.713Z] <<< [apiv2][body] GET https://cloudfunctions.googleapis.com/v2/projects/controle-de-gastos-74daf/locations/us-central1/operations/operation-1757866325182-63ec525e007ce-8fe885c1-25d66dad {"name":"projects/controle-de-gastos-74daf/locations/us-central1/operations/operation-1757866325182-63ec525e007ce-8fe885c1-25d66dad","metadata":{"@type":"type.googleapis.com/google.cloud.functions.v2.OperationMetadata","createTime":"2025-09-14T16:12:06.241395234Z","target":"projects/controle-de-gastos-74daf/locations/us-central1/functions/hotmartWebhook","verb":"update","cancelRequested":false,"apiVersion":"v2","requestResource":{"@type":"type.googleapis.com/google.cloud.functions.v2.Function","name":"projects/controle-de-gastos-74daf/locations/us-central1/functions/hotmartWebhook","buildConfig":{"runtime":"nodejs22","entryPoint":"hotmartWebhook","source":{"storageSource":{"bucket":"gcf-v2-sources-331667008487-us-central1","object":"hotmartWebhook/function-source.zip","generation":"1757866326170505"}},"environmentVariables":{"GOOGLE_NODE_RUN_SCRIPTS":""},"dockerRepository":"projects/controle-de-gastos-74daf/locations/us-central1/repositories/gcf-artifacts","sourceProvenance":{"resolvedStorageSource":{"bucket":"gcf-v2-sources-331667008487-us-central1","object":"hotmartWebhook/function-source.zip","generation":"1757689929524656"}},"dockerRegistry":"ARTIFACT_REGISTRY","serviceAccount":"projects/controle-de-gastos-74daf/serviceAccounts/331667008487-compute@developer.gserviceaccount.com","automaticUpdatePolicy":{}},"serviceConfig":{"service":"projects/controle-de-gastos-74daf/locations/us-central1/services/hotmartwebhook","timeoutSeconds":60,"environmentVariables":{"FIREBASE_CONFIG":"{\"projectId\":\"controle-de-gastos-74daf\",\"storageBucket\":\"controle-de-gastos-74daf.firebasestorage.app\"}","GCLOUD_PROJECT":"controle-de-gastos-74daf","EVENTARC_CLOUD_EVENT_SOURCE":"projects/controle-de-gastos-74daf/locations/us-central1/services/hotmartWebhook","FUNCTION_TARGET":"hotmartWebhook","LOG_EXECUTION_ID":"true"},"ingressSettings":"ALLOW_ALL","uri":"https://hotmartwebhook-u5epfjovka-uc.a.run.app","serviceAccountEmail":"331667008487-compute@developer.gserviceaccount.com","availableMemory":"256Mi","allTrafficOnLatestRevision":true,"revision":"hotmartwebhook-00009-dip","maxInstanceRequestConcurrency":80,"availableCpu":"1"},"state":"ACTIVE","labels":{"deployment-tool":"cloud-console","firebase-functions-hash":"7b5b304f5adb3227b084b8be1be9a397bbe03cc2"},"environment":"GEN_2","url":"https://us-central1-controle-de-gastos-74daf.cloudfunctions.net/hotmartWebhook","satisfiesPzi":true},"stages":[{"name":"BUILD","message":"Build in progress","state":"IN_PROGRESS","resource":"projects/331667008487/locations/us-central1/builds/68309d08-78d8-4b31-a8d7-4c43cd6954f8","resourceUri":"https://console.cloud.google.com/cloud-build/builds;region=us-central1/68309d08-78d8-4b31-a8d7-4c43cd6954f8?project=331667008487"},{"name":"SERVICE","state":"NOT_STARTED"}],"operationType":"UPDATE_FUNCTION","buildName":"projects/331667008487/locations/us-central1/builds/68309d08-78d8-4b31-a8d7-4c43cd6954f8"},"done":false}
[debug] [2025-09-14T16:12:12.715Z] [update-default-us-central1-hotmartWebhook] Retrying task index 0
[debug] [2025-09-14T16:12:12.716Z] Checked if tokens are valid: true, expires at: 1757869900013
[debug] [2025-09-14T16:12:12.716Z] Checked if tokens are valid: true, expires at: 1757869900013
[debug] [2025-09-14T16:12:12.716Z] >>> [apiv2][query] GET https://cloudfunctions.googleapis.com/v2/projects/controle-de-gastos-74daf/locations/us-central1/operations/operation-1757866325182-63ec525e007ce-8fe885c1-25d66dad [none]
[debug] [2025-09-14T16:12:13.661Z] <<< [apiv2][status] GET https://cloudfunctions.googleapis.com/v2/projects/controle-de-gastos-74daf/locations/us-central1/operations/operation-1757866325182-63ec525e007ce-8fe885c1-25d66dad 200
[debug] [2025-09-14T16:12:13.662Z] <<< [apiv2][body] GET https://cloudfunctions.googleapis.com/v2/projects/controle-de-gastos-74daf/locations/us-central1/operations/operation-1757866325182-63ec525e007ce-8fe885c1-25d66dad {"name":"projects/controle-de-gastos-74daf/locations/us-central1/operations/operation-1757866325182-63ec525e007ce-8fe885c1-25d66dad","metadata":{"@type":"type.googleapis.com/google.cloud.functions.v2.OperationMetadata","createTime":"2025-09-14T16:12:06.241395234Z","target":"projects/controle-de-gastos-74daf/locations/us-central1/functions/hotmartWebhook","verb":"update","cancelRequested":false,"apiVersion":"v2","requestResource":{"@type":"type.googleapis.com/google.cloud.functions.v2.Function","name":"projects/controle-de-gastos-74daf/locations/us-central1/functions/hotmartWebhook","buildConfig":{"runtime":"nodejs22","entryPoint":"hotmartWebhook","source":{"storageSource":{"bucket":"gcf-v2-sources-331667008487-us-central1","object":"hotmartWebhook/function-source.zip","generation":"1757866326170505"}},"environmentVariables":{"GOOGLE_NODE_RUN_SCRIPTS":""},"dockerRepository":"projects/controle-de-gastos-74daf/locations/us-central1/repositories/gcf-artifacts","sourceProvenance":{"resolvedStorageSource":{"bucket":"gcf-v2-sources-331667008487-us-central1","object":"hotmartWebhook/function-source.zip","generation":"1757689929524656"}},"dockerRegistry":"ARTIFACT_REGISTRY","serviceAccount":"projects/controle-de-gastos-74daf/serviceAccounts/331667008487-compute@developer.gserviceaccount.com","automaticUpdatePolicy":{}},"serviceConfig":{"service":"projects/controle-de-gastos-74daf/locations/us-central1/services/hotmartwebhook","timeoutSeconds":60,"environmentVariables":{"FIREBASE_CONFIG":"{\"projectId\":\"controle-de-gastos-74daf\",\"storageBucket\":\"controle-de-gastos-74daf.firebasestorage.app\"}","GCLOUD_PROJECT":"controle-de-gastos-74daf","EVENTARC_CLOUD_EVENT_SOURCE":"projects/controle-de-gastos-74daf/locations/us-central1/services/hotmartWebhook","FUNCTION_TARGET":"hotmartWebhook","LOG_EXECUTION_ID":"true"},"ingressSettings":"ALLOW_ALL","uri":"https://hotmartwebhook-u5epfjovka-uc.a.run.app","serviceAccountEmail":"331667008487-compute@developer.gserviceaccount.com","availableMemory":"256Mi","allTrafficOnLatestRevision":true,"revision":"hotmartwebhook-00009-dip","maxInstanceRequestConcurrency":80,"availableCpu":"1"},"state":"ACTIVE","labels":{"deployment-tool":"cloud-console","firebase-functions-hash":"7b5b304f5adb3227b084b8be1be9a397bbe03cc2"},"environment":"GEN_2","url":"https://us-central1-controle-de-gastos-74daf.cloudfunctions.net/hotmartWebhook","satisfiesPzi":true},"stages":[{"name":"BUILD","message":"Build in progress","state":"IN_PROGRESS","resource":"projects/331667008487/locations/us-central1/builds/68309d08-78d8-4b31-a8d7-4c43cd6954f8","resourceUri":"https://console.cloud.google.com/cloud-build/builds;region=us-central1/68309d08-78d8-4b31-a8d7-4c43cd6954f8?project=331667008487"},{"name":"SERVICE","state":"NOT_STARTED"}],"operationType":"UPDATE_FUNCTION","buildName":"projects/331667008487/locations/us-central1/builds/68309d08-78d8-4b31-a8d7-4c43cd6954f8"},"done":false}
[debug] [2025-09-14T16:12:17.662Z] [update-default-us-central1-hotmartWebhook] Retrying task index 0
[debug] [2025-09-14T16:12:17.663Z] Checked if tokens are valid: true, expires at: 1757869900013
[debug] [2025-09-14T16:12:17.663Z] Checked if tokens are valid: true, expires at: 1757869900013
[debug] [2025-09-14T16:12:17.663Z] >>> [apiv2][query] GET https://cloudfunctions.googleapis.com/v2/projects/controle-de-gastos-74daf/locations/us-central1/operations/operation-1757866325182-63ec525e007ce-8fe885c1-25d66dad [none]
[debug] [2025-09-14T16:12:18.600Z] <<< [apiv2][status] GET https://cloudfunctions.googleapis.com/v2/projects/controle-de-gastos-74daf/locations/us-central1/operations/operation-1757866325182-63ec525e007ce-8fe885c1-25d66dad 200
[debug] [2025-09-14T16:12:18.600Z] <<< [apiv2][body] GET https://cloudfunctions.googleapis.com/v2/projects/controle-de-gastos-74daf/locations/us-central1/operations/operation-1757866325182-63ec525e007ce-8fe885c1-25d66dad {"name":"projects/controle-de-gastos-74daf/locations/us-central1/operations/operation-1757866325182-63ec525e007ce-8fe885c1-25d66dad","metadata":{"@type":"type.googleapis.com/google.cloud.functions.v2.OperationMetadata","createTime":"2025-09-14T16:12:06.241395234Z","target":"projects/controle-de-gastos-74daf/locations/us-central1/functions/hotmartWebhook","verb":"update","cancelRequested":false,"apiVersion":"v2","requestResource":{"@type":"type.googleapis.com/google.cloud.functions.v2.Function","name":"projects/controle-de-gastos-74daf/locations/us-central1/functions/hotmartWebhook","buildConfig":{"runtime":"nodejs22","entryPoint":"hotmartWebhook","source":{"storageSource":{"bucket":"gcf-v2-sources-331667008487-us-central1","object":"hotmartWebhook/function-source.zip","generation":"1757866326170505"}},"environmentVariables":{"GOOGLE_NODE_RUN_SCRIPTS":""},"dockerRepository":"projects/controle-de-gastos-74daf/locations/us-central1/repositories/gcf-artifacts","sourceProvenance":{"resolvedStorageSource":{"bucket":"gcf-v2-sources-331667008487-us-central1","object":"hotmartWebhook/function-source.zip","generation":"1757689929524656"}},"dockerRegistry":"ARTIFACT_REGISTRY","serviceAccount":"projects/controle-de-gastos-74daf/serviceAccounts/331667008487-compute@developer.gserviceaccount.com","automaticUpdatePolicy":{}},"serviceConfig":{"service":"projects/controle-de-gastos-74daf/locations/us-central1/services/hotmartwebhook","timeoutSeconds":60,"environmentVariables":{"FIREBASE_CONFIG":"{\"projectId\":\"controle-de-gastos-74daf\",\"storageBucket\":\"controle-de-gastos-74daf.firebasestorage.app\"}","GCLOUD_PROJECT":"controle-de-gastos-74daf","EVENTARC_CLOUD_EVENT_SOURCE":"projects/controle-de-gastos-74daf/locations/us-central1/services/hotmartWebhook","FUNCTION_TARGET":"hotmartWebhook","LOG_EXECUTION_ID":"true"},"ingressSettings":"ALLOW_ALL","uri":"https://hotmartwebhook-u5epfjovka-uc.a.run.app","serviceAccountEmail":"331667008487-compute@developer.gserviceaccount.com","availableMemory":"256Mi","allTrafficOnLatestRevision":true,"revision":"hotmartwebhook-00009-dip","maxInstanceRequestConcurrency":80,"availableCpu":"1"},"state":"ACTIVE","labels":{"deployment-tool":"cloud-console","firebase-functions-hash":"7b5b304f5adb3227b084b8be1be9a397bbe03cc2"},"environment":"GEN_2","url":"https://us-central1-controle-de-gastos-74daf.cloudfunctions.net/hotmartWebhook","satisfiesPzi":true},"stages":[{"name":"BUILD","message":"Build in progress","state":"IN_PROGRESS","resource":"projects/331667008487/locations/us-central1/builds/68309d08-78d8-4b31-a8d7-4c43cd6954f8","resourceUri":"https://console.cloud.google.com/cloud-build/builds;region=us-central1/68309d08-78d8-4b31-a8d7-4c43cd6954f8?project=331667008487"},{"name":"SERVICE","state":"NOT_STARTED"}],"operationType":"UPDATE_FUNCTION","buildName":"projects/331667008487/locations/us-central1/builds/68309d08-78d8-4b31-a8d7-4c43cd6954f8"},"done":false}
[debug] [2025-09-14T16:12:26.600Z] [update-default-us-central1-hotmartWebhook] Retrying task index 0
[debug] [2025-09-14T16:12:26.601Z] Checked if tokens are valid: true, expires at: 1757869900013
[debug] [2025-09-14T16:12:26.601Z] Checked if tokens are valid: true, expires at: 1757869900013
[debug] [2025-09-14T16:12:26.601Z] >>> [apiv2][query] GET https://cloudfunctions.googleapis.com/v2/projects/controle-de-gastos-74daf/locations/us-central1/operations/operation-1757866325182-63ec525e007ce-8fe885c1-25d66dad [none]
[debug] [2025-09-14T16:12:27.611Z] <<< [apiv2][status] GET https://cloudfunctions.googleapis.com/v2/projects/controle-de-gastos-74daf/locations/us-central1/operations/operation-1757866325182-63ec525e007ce-8fe885c1-25d66dad 200
[debug] [2025-09-14T16:12:27.611Z] <<< [apiv2][body] GET https://cloudfunctions.googleapis.com/v2/projects/controle-de-gastos-74daf/locations/us-central1/operations/operation-1757866325182-63ec525e007ce-8fe885c1-25d66dad {"name":"projects/controle-de-gastos-74daf/locations/us-central1/operations/operation-1757866325182-63ec525e007ce-8fe885c1-25d66dad","metadata":{"@type":"type.googleapis.com/google.cloud.functions.v2.OperationMetadata","createTime":"2025-09-14T16:12:06.241395234Z","target":"projects/controle-de-gastos-74daf/locations/us-central1/functions/hotmartWebhook","verb":"update","cancelRequested":false,"apiVersion":"v2","requestResource":{"@type":"type.googleapis.com/google.cloud.functions.v2.Function","name":"projects/controle-de-gastos-74daf/locations/us-central1/functions/hotmartWebhook","buildConfig":{"runtime":"nodejs22","entryPoint":"hotmartWebhook","source":{"storageSource":{"bucket":"gcf-v2-sources-331667008487-us-central1","object":"hotmartWebhook/function-source.zip","generation":"1757866326170505"}},"environmentVariables":{"GOOGLE_NODE_RUN_SCRIPTS":""},"dockerRepository":"projects/controle-de-gastos-74daf/locations/us-central1/repositories/gcf-artifacts","sourceProvenance":{"resolvedStorageSource":{"bucket":"gcf-v2-sources-331667008487-us-central1","object":"hotmartWebhook/function-source.zip","generation":"1757689929524656"}},"dockerRegistry":"ARTIFACT_REGISTRY","serviceAccount":"projects/controle-de-gastos-74daf/serviceAccounts/331667008487-compute@developer.gserviceaccount.com","automaticUpdatePolicy":{}},"serviceConfig":{"service":"projects/controle-de-gastos-74daf/locations/us-central1/services/hotmartwebhook","timeoutSeconds":60,"environmentVariables":{"FIREBASE_CONFIG":"{\"projectId\":\"controle-de-gastos-74daf\",\"storageBucket\":\"controle-de-gastos-74daf.firebasestorage.app\"}","GCLOUD_PROJECT":"controle-de-gastos-74daf","EVENTARC_CLOUD_EVENT_SOURCE":"projects/controle-de-gastos-74daf/locations/us-central1/services/hotmartWebhook","FUNCTION_TARGET":"hotmartWebhook","LOG_EXECUTION_ID":"true"},"ingressSettings":"ALLOW_ALL","uri":"https://hotmartwebhook-u5epfjovka-uc.a.run.app","serviceAccountEmail":"331667008487-compute@developer.gserviceaccount.com","availableMemory":"256Mi","allTrafficOnLatestRevision":true,"revision":"hotmartwebhook-00009-dip","maxInstanceRequestConcurrency":80,"availableCpu":"1"},"state":"ACTIVE","labels":{"deployment-tool":"cloud-console","firebase-functions-hash":"7b5b304f5adb3227b084b8be1be9a397bbe03cc2"},"environment":"GEN_2","url":"https://us-central1-controle-de-gastos-74daf.cloudfunctions.net/hotmartWebhook","satisfiesPzi":true},"stages":[{"name":"BUILD","message":"Build in progress","state":"IN_PROGRESS","resource":"projects/331667008487/locations/us-central1/builds/68309d08-78d8-4b31-a8d7-4c43cd6954f8","resourceUri":"https://console.cloud.google.com/cloud-build/builds;region=us-central1/68309d08-78d8-4b31-a8d7-4c43cd6954f8?project=331667008487"},{"name":"SERVICE","state":"NOT_STARTED"}],"operationType":"UPDATE_FUNCTION","buildName":"projects/331667008487/locations/us-central1/builds/68309d08-78d8-4b31-a8d7-4c43cd6954f8"},"done":false}
[debug] [2025-09-14T16:12:37.613Z] [update-default-us-central1-hotmartWebhook] Retrying task index 0
[debug] [2025-09-14T16:12:37.613Z] Checked if tokens are valid: true, expires at: 1757869900013
[debug] [2025-09-14T16:12:37.613Z] Checked if tokens are valid: true, expires at: 1757869900013
[debug] [2025-09-14T16:12:37.613Z] >>> [apiv2][query] GET https://cloudfunctions.googleapis.com/v2/projects/controle-de-gastos-74daf/locations/us-central1/operations/operation-1757866325182-63ec525e007ce-8fe885c1-25d66dad [none]
[debug] [2025-09-14T16:12:38.609Z] <<< [apiv2][status] GET https://cloudfunctions.googleapis.com/v2/projects/controle-de-gastos-74daf/locations/us-central1/operations/operation-1757866325182-63ec525e007ce-8fe885c1-25d66dad 200
[debug] [2025-09-14T16:12:38.610Z] <<< [apiv2][body] GET https://cloudfunctions.googleapis.com/v2/projects/controle-de-gastos-74daf/locations/us-central1/operations/operation-1757866325182-63ec525e007ce-8fe885c1-25d66dad {"name":"projects/controle-de-gastos-74daf/locations/us-central1/operations/operation-1757866325182-63ec525e007ce-8fe885c1-25d66dad","metadata":{"@type":"type.googleapis.com/google.cloud.functions.v2.OperationMetadata","createTime":"2025-09-14T16:12:06.241395234Z","target":"projects/controle-de-gastos-74daf/locations/us-central1/functions/hotmartWebhook","verb":"update","cancelRequested":false,"apiVersion":"v2","requestResource":{"@type":"type.googleapis.com/google.cloud.functions.v2.Function","name":"projects/controle-de-gastos-74daf/locations/us-central1/functions/hotmartWebhook","buildConfig":{"runtime":"nodejs22","entryPoint":"hotmartWebhook","source":{"storageSource":{"bucket":"gcf-v2-sources-331667008487-us-central1","object":"hotmartWebhook/function-source.zip","generation":"1757866326170505"}},"environmentVariables":{"GOOGLE_NODE_RUN_SCRIPTS":""},"dockerRepository":"projects/controle-de-gastos-74daf/locations/us-central1/repositories/gcf-artifacts","sourceProvenance":{"resolvedStorageSource":{"bucket":"gcf-v2-sources-331667008487-us-central1","object":"hotmartWebhook/function-source.zip","generation":"1757689929524656"}},"dockerRegistry":"ARTIFACT_REGISTRY","serviceAccount":"projects/controle-de-gastos-74daf/serviceAccounts/331667008487-compute@developer.gserviceaccount.com","automaticUpdatePolicy":{}},"serviceConfig":{"service":"projects/controle-de-gastos-74daf/locations/us-central1/services/hotmartwebhook","timeoutSeconds":60,"environmentVariables":{"FIREBASE_CONFIG":"{\"projectId\":\"controle-de-gastos-74daf\",\"storageBucket\":\"controle-de-gastos-74daf.firebasestorage.app\"}","GCLOUD_PROJECT":"controle-de-gastos-74daf","EVENTARC_CLOUD_EVENT_SOURCE":"projects/controle-de-gastos-74daf/locations/us-central1/services/hotmartWebhook","FUNCTION_TARGET":"hotmartWebhook","LOG_EXECUTION_ID":"true"},"ingressSettings":"ALLOW_ALL","uri":"https://hotmartwebhook-u5epfjovka-uc.a.run.app","serviceAccountEmail":"331667008487-compute@developer.gserviceaccount.com","availableMemory":"256Mi","allTrafficOnLatestRevision":true,"revision":"hotmartwebhook-00009-dip","maxInstanceRequestConcurrency":80,"availableCpu":"1"},"state":"ACTIVE","labels":{"deployment-tool":"cloud-console","firebase-functions-hash":"7b5b304f5adb3227b084b8be1be9a397bbe03cc2"},"environment":"GEN_2","url":"https://us-central1-controle-de-gastos-74daf.cloudfunctions.net/hotmartWebhook","satisfiesPzi":true},"stages":[{"name":"BUILD","message":"Build in progress","state":"IN_PROGRESS","resource":"projects/331667008487/locations/us-central1/builds/68309d08-78d8-4b31-a8d7-4c43cd6954f8","resourceUri":"https://console.cloud.google.com/cloud-build/builds;region=us-central1/68309d08-78d8-4b31-a8d7-4c43cd6954f8?project=331667008487"},{"name":"SERVICE","state":"NOT_STARTED"}],"operationType":"UPDATE_FUNCTION","buildName":"projects/331667008487/locations/us-central1/builds/68309d08-78d8-4b31-a8d7-4c43cd6954f8"},"done":false}
