[debug] [2025-09-17T02:47:19.853Z] ----------------------------------------------------------------------
[debug] [2025-09-17T02:47:19.855Z] Command:       /usr/local/bin/node /usr/local/bin/firebase init
[debug] [2025-09-17T02:47:19.855Z] CLI Version:   14.16.0
[debug] [2025-09-17T02:47:19.855Z] Platform:      darwin
[debug] [2025-09-17T02:47:19.855Z] Node Version:  v22.19.0
[debug] [2025-09-17T02:47:19.856Z] Time:          Tue Sep 16 2025 23:47:19 GMT-0300 (Brasilia Standard Time)
[debug] [2025-09-17T02:47:19.856Z] ----------------------------------------------------------------------
[debug] 
[debug] [2025-09-17T02:47:19.857Z] >>> [apiv2][query] GET https://firebase-public.firebaseio.com/cli.json [none]
[debug] [2025-09-17T02:47:19.986Z] > command requires scopes: ["email","openid","https://www.googleapis.com/auth/cloudplatformprojects.readonly","https://www.googleapis.com/auth/firebase","https://www.googleapis.com/auth/cloud-platform"]
[debug] [2025-09-17T02:47:19.986Z] > authorizing via signed-in user (cabanafranzoi@gmail.com)
[info] 
     ######## #### ########  ######## ########     ###     ######  ########
     ##        ##  ##     ## ##       ##     ##  ##   ##  ##       ##
     ######    ##  ########  ######   ########  #########  ######  ######
     ##        ##  ##    ##  ##       ##     ## ##     ##       ## ##
     ##       #### ##     ## ######## ########  ##     ##  ######  ########

You're about to initialize a Firebase project in this directory:

  /Users/eric/Library/Mobile Documents/com~apple~CloudDocs/Projetos planilha/Controle de Gastos/controledegastos.franzoitech

Before we get started, keep in mind:

  * You are initializing within an existing Firebase project directory

[debug] [2025-09-17T02:47:20.318Z] <<< [apiv2][status] GET https://firebase-public.firebaseio.com/cli.json 200
[debug] [2025-09-17T02:47:20.318Z] <<< [apiv2][body] GET https://firebase-public.firebaseio.com/cli.json {"cloudBuildErrorAfter":1594252800000,"cloudBuildWarnAfter":1590019200000,"defaultNode10After":1594252800000,"minVersion":"3.0.5","node8DeploysDisabledAfter":1613390400000,"node8RuntimeDisabledAfter":1615809600000,"node8WarnAfter":1600128000000}
[info] 
=== Project Setup
[info] 
[info] First, let's associate this project directory with a Firebase project.
[info] You can create multiple project aliases by running firebase use --add, 
[info] but for now we'll just set up a default project.
[info] 
[debug] [2025-09-17T02:47:44.471Z] Using project from CLI flag: controle-de-gastos-74daf
[debug] [2025-09-17T02:47:44.472Z] Checked if tokens are valid: false, expires at: 1758050843187
[debug] [2025-09-17T02:47:44.472Z] Checked if tokens are valid: false, expires at: 1758050843187
[debug] [2025-09-17T02:47:44.473Z] > refreshing access token with scopes: []
[debug] [2025-09-17T02:47:44.474Z] >>> [apiv2][query] POST https://www.googleapis.com/oauth2/v3/token [none]
[debug] [2025-09-17T02:47:44.474Z] >>> [apiv2][body] POST https://www.googleapis.com/oauth2/v3/token [omitted]
[debug] [2025-09-17T02:47:44.664Z] <<< [apiv2][status] POST https://www.googleapis.com/oauth2/v3/token 200
[debug] [2025-09-17T02:47:44.664Z] <<< [apiv2][body] POST https://www.googleapis.com/oauth2/v3/token [omitted]
[debug] [2025-09-17T02:47:44.684Z] >>> [apiv2][query] GET https://firebase.googleapis.com/v1beta1/projects/controle-de-gastos-74daf [none]
[debug] [2025-09-17T02:47:45.108Z] <<< [apiv2][status] GET https://firebase.googleapis.com/v1beta1/projects/controle-de-gastos-74daf 200
[debug] [2025-09-17T02:47:45.108Z] <<< [apiv2][body] GET https://firebase.googleapis.com/v1beta1/projects/controle-de-gastos-74daf {"projectId":"controle-de-gastos-74daf","projectNumber":"331667008487","displayName":"Controle de Gastos","name":"projects/controle-de-gastos-74daf","resources":{"hostingSite":"controle-de-gastos-74daf"},"state":"ACTIVE","etag":"1_1fe122f9-5f75-458d-8c85-58a347c16c05"}
[info] i  Using project controle-de-gastos-74daf (Controle de Gastos) 
[info] 
=== Hosting Setup
[debug] [2025-09-17T02:47:45.259Z] Checked if tokens are valid: true, expires at: 1758080863664
[debug] [2025-09-17T02:47:45.259Z] Checked if tokens are valid: true, expires at: 1758080863664
[debug] [2025-09-17T02:47:45.259Z] >>> [apiv2][query] GET https://firebase.googleapis.com/v1beta1/projects/controle-de-gastos-74daf [none]
[debug] [2025-09-17T02:47:45.671Z] <<< [apiv2][status] GET https://firebase.googleapis.com/v1beta1/projects/controle-de-gastos-74daf 200
[debug] [2025-09-17T02:47:45.671Z] <<< [apiv2][body] GET https://firebase.googleapis.com/v1beta1/projects/controle-de-gastos-74daf {"projectId":"controle-de-gastos-74daf","projectNumber":"331667008487","displayName":"Controle de Gastos","name":"projects/controle-de-gastos-74daf","resources":{"hostingSite":"controle-de-gastos-74daf"},"state":"ACTIVE","etag":"1_1fe122f9-5f75-458d-8c85-58a347c16c05"}
[info] 
[info] Your public directory is the folder (relative to your project directory) that
[info] will contain Hosting assets to be uploaded with firebase deploy. If you
[info] have a build process for your assets, use your build's output directory.
[info] 
